<?xml version="1.0" encoding="UTF-8"?>
<testsuite xmlns:xsi="http://www.w3.org/2001/XMLSchema-instance" xsi:noNamespaceSchemaLocation="https://maven.apache.org/surefire/maven-surefire-plugin/xsd/surefire-test-report-3.0.xsd" version="3.0" name="Admin Logout Action" time="367.798" tests="15" errors="1" skipped="0" failures="3">
  <properties>
[...]
</properties>
  <testcase name="verify total post on dashnoard" classname="Dashboaed feature" time="38.342"/>
  <testcase name="verify total Categories on dashnoard" classname="Dashboaed feature" time="16.257"/>
  <testcase name="Successful Login with Valid Credentials" classname="Admin Login Action" time="18.103"/>
  <testcase name="Unsuccessful Login with Invalid Credentials" classname="Admin Login Action" time="14.799"/>
  <testcase name="Unsuccessful Login with Invalid Credentials" classname="Admin Login Action" time="17.603">
    <failure message="expected:&lt;...localhost/CMS/admin/[index].php&gt; but was:&lt;...localhost/CMS/admin/[Dashboard].php&gt;" type="org.junit.ComparisonFailure"><![CDATA[org.junit.ComparisonFailure: expected:<...localhost/CMS/admin/[index].php> but was:<...localhost/CMS/admin/[Dashboard].php>
]]></failure>
    <system-out><![CDATA[
@login
Scenario: Unsuccessful Login with Invalid Credentials # features/Admin_login.feature:17
  Given Admin is on Login Page                        # com.cms.stepDefination.StepDefination.admin_is_on_Login_Page()
  And Admin enters "jazeb" and "1234"                 # com.cms.stepDefination.StepDefination.admin_enters_and(java.lang.String,java.lang.String)
  Then Admin redirected to login page                 # com.cms.stepDefination.StepDefination.admin_redirected_to_login_page()
      org.junit.ComparisonFailure: expected:<...localhost/CMS/admin/[index].php> but was:<...localhost/CMS/admin/[Dashboard].php>
	at org.junit.Assert.assertEquals(Assert.java:115)
	at org.junit.Assert.assertEquals(Assert.java:144)
	at com.cms.stepDefination.StepDefination.admin_redirected_to_login_page(StepDefination.java:69)
	at ?.Admin redirected to login page(file:///C:/QA/cms2/features/Admin_login.feature:20)


    Embedding Unsuccessful Login with Invalid Credentials [image/png 61317 bytes]

]]></system-out>
    <system-err><![CDATA[Starting ChromeDriver 80.0.3987.106 (f68069574609230cf9b635cd784cfb1bf81bb53a-refs/branch-heads/3987@{#882}) on port 11979
Only local connections are allowed.
Please protect ports used by ChromeDriver and related test frameworks to prevent access by malicious code.
[1589724269.565][WARNING]: This version of ChromeDriver has not been tested with Chrome version 81.
May 17, 2020 7:34:33 PM org.openqa.selenium.remote.ProtocolHandshake createSession
INFO: Detected dialect: W3C
[1589724275.368][SEVERE]: Timed out receiving message from renderer: 0.100
[1589724275.717][SEVERE]: Timed out receiving message from renderer: 0.100
[1589724275.837][SEVERE]: Timed out receiving message from renderer: 0.100
[1589724275.946][SEVERE]: Timed out receiving message from renderer: 0.100
[1589724276.053][SEVERE]: Timed out receiving message from renderer: 0.100
[1589724276.172][SEVERE]: Timed out receiving message from renderer: 0.100
[1589724276.279][SEVERE]: Timed out receiving message from renderer: 0.100
[1589724276.721][SEVERE]: Timed out receiving message from renderer: 0.100
[1589724276.830][SEVERE]: Timed out receiving message from renderer: 0.100
[1589724276.934][SEVERE]: Timed out receiving message from renderer: 0.100
[1589724277.830][SEVERE]: Timed out receiving message from renderer: 0.100
[1589724277.996][SEVERE]: Timed out receiving message from renderer: 0.100
[1589724278.099][SEVERE]: Timed out receiving message from renderer: 0.100
[1589724278.205][SEVERE]: Timed out receiving message from renderer: 0.100
]]></system-err>
  </testcase>
  <testcase name="verify trim is working in username" classname="Admin Login Action" time="35.907">
    <failure message="expected:&lt;...localhost/CMS/admin/[Dashboard].php&gt; but was:&lt;...localhost/CMS/admin/[index].php&gt;" type="org.junit.ComparisonFailure"><![CDATA[org.junit.ComparisonFailure: expected:<...localhost/CMS/admin/[Dashboard].php> but was:<...localhost/CMS/admin/[index].php>
]]></failure>
    <system-out><![CDATA[
@login
Scenario: verify trim is working in username                                  # features/Admin_login.feature:23
  Given Admin is on Login Page                                                # com.cms.stepDefination.StepDefination.admin_is_on_Login_Page()
  And Admin enters "                       ravi              " and "12345678" # com.cms.stepDefination.StepDefination.admin_enters_and(java.lang.String,java.lang.String)
  Then Admin redirected to dashboard page                                     # com.cms.stepDefination.StepDefination.admin_redirected_to_dashboard_page()
      org.junit.ComparisonFailure: expected:<...localhost/CMS/admin/[Dashboard].php> but was:<...localhost/CMS/admin/[index].php>
	at org.junit.Assert.assertEquals(Assert.java:115)
	at org.junit.Assert.assertEquals(Assert.java:144)
	at com.cms.stepDefination.StepDefination.admin_redirected_to_dashboard_page(StepDefination.java:62)
	at ?.Admin redirected to dashboard page(file:///C:/QA/cms2/features/Admin_login.feature:26)


    Embedding verify trim is working in username [image/png 17279 bytes]

]]></system-out>
    <system-err><![CDATA[Starting ChromeDriver 80.0.3987.106 (f68069574609230cf9b635cd784cfb1bf81bb53a-refs/branch-heads/3987@{#882}) on port 39322
Only local connections are allowed.
Please protect ports used by ChromeDriver and related test frameworks to prevent access by malicious code.
[1589724286.306][WARNING]: This version of ChromeDriver has not been tested with Chrome version 81.
May 17, 2020 7:34:50 PM org.openqa.selenium.remote.ProtocolHandshake createSession
INFO: Detected dialect: W3C
[1589724292.718][SEVERE]: Timed out receiving message from renderer: 0.100
[1589724292.823][SEVERE]: Timed out receiving message from renderer: 0.100
[1589724292.925][SEVERE]: Timed out receiving message from renderer: 0.100
[1589724293.031][SEVERE]: Timed out receiving message from renderer: 0.100
[1589724293.142][SEVERE]: Timed out receiving message from renderer: 0.100
[1589724293.246][SEVERE]: Timed out receiving message from renderer: 0.100
[1589724293.350][SEVERE]: Timed out receiving message from renderer: 0.100
[1589724293.456][SEVERE]: Timed out receiving message from renderer: 0.100
[1589724293.558][SEVERE]: Timed out receiving message from renderer: 0.100
[1589724293.669][SEVERE]: Timed out receiving message from renderer: 0.100
[1589724293.774][SEVERE]: Timed out receiving message from renderer: 0.100
[1589724294.040][SEVERE]: Timed out receiving message from renderer: 0.100
[1589724294.145][SEVERE]: Timed out receiving message from renderer: 0.100
[1589724294.250][SEVERE]: Timed out receiving message from renderer: 0.100
[1589724294.358][SEVERE]: Timed out receiving message from renderer: 0.100
[1589724294.500][SEVERE]: Timed out receiving message from renderer: 0.100
[1589724294.606][SEVERE]: Timed out receiving message from renderer: 0.100
[1589724294.725][SEVERE]: Timed out receiving message from renderer: 0.100
[1589724294.832][SEVERE]: Timed out receiving message from renderer: 0.100
[1589724294.936][SEVERE]: Timed out receiving message from renderer: 0.100
[1589724295.041][SEVERE]: Timed out receiving message from renderer: 0.100
[1589724295.154][SEVERE]: Timed out receiving message from renderer: 0.100
[1589724295.264][SEVERE]: Timed out receiving message from renderer: 0.100
[1589724295.369][SEVERE]: Timed out receiving message from renderer: 0.100
[1589724295.472][SEVERE]: Timed out receiving message from renderer: 0.100
[1589724295.594][SEVERE]: Timed out receiving message from renderer: 0.100
[1589724295.713][SEVERE]: Timed out receiving message from renderer: 0.100
[1589724295.843][SEVERE]: Timed out receiving message from renderer: 0.100
[1589724295.971][SEVERE]: Timed out receiving message from renderer: 0.100
[1589724296.076][SEVERE]: Timed out receiving message from renderer: 0.100
[1589724296.182][SEVERE]: Timed out receiving message from renderer: 0.100
[1589724296.286][SEVERE]: Timed out receiving message from renderer: 0.100
[1589724296.391][SEVERE]: Timed out receiving message from renderer: 0.100
[1589724296.493][SEVERE]: Timed out receiving message from renderer: 0.100
[1589724296.598][SEVERE]: Timed out receiving message from renderer: 0.100
[1589724296.703][SEVERE]: Timed out receiving message from renderer: 0.100
[1589724296.806][SEVERE]: Timed out receiving message from renderer: 0.100
[1589724296.908][SEVERE]: Timed out receiving message from renderer: 0.100
[1589724297.010][SEVERE]: Timed out receiving message from renderer: 0.100
[1589724297.120][SEVERE]: Timed out receiving message from renderer: 0.100
[1589724297.224][SEVERE]: Timed out receiving message from renderer: 0.100
[1589724297.326][SEVERE]: Timed out receiving message from renderer: 0.100
[1589724297.430][SEVERE]: Timed out receiving message from renderer: 0.100
[1589724297.535][SEVERE]: Timed out receiving message from renderer: 0.100
[1589724297.645][SEVERE]: Timed out receiving message from renderer: 0.100
[1589724297.752][SEVERE]: Timed out receiving message from renderer: 0.100
[1589724297.857][SEVERE]: Timed out receiving message from renderer: 0.100
[1589724297.966][SEVERE]: Timed out receiving message from renderer: 0.100
[1589724298.067][SEVERE]: Timed out receiving message from renderer: 0.100
[1589724298.173][SEVERE]: Timed out receiving message from renderer: 0.100
[1589724298.276][SEVERE]: Timed out receiving message from renderer: 0.100
[1589724298.388][SEVERE]: Timed out receiving message from renderer: 0.100
[1589724298.494][SEVERE]: Timed out receiving message from renderer: 0.100
[1589724298.651][SEVERE]: Timed out receiving message from renderer: 0.100
[1589724298.854][SEVERE]: Timed out receiving message from renderer: 0.100
[1589724298.971][SEVERE]: Timed out receiving message from renderer: 0.100
[1589724299.137][SEVERE]: Timed out receiving message from renderer: 0.100
[1589724299.244][SEVERE]: Timed out receiving message from renderer: 0.100
[1589724299.363][SEVERE]: Timed out receiving message from renderer: 0.100
[1589724299.473][SEVERE]: Timed out receiving message from renderer: 0.100
[1589724299.578][SEVERE]: Timed out receiving message from renderer: 0.100
[1589724299.685][SEVERE]: Timed out receiving message from renderer: 0.100
[1589724299.789][SEVERE]: Timed out receiving message from renderer: 0.100
[1589724299.892][SEVERE]: Timed out receiving message from renderer: 0.100
[1589724299.994][SEVERE]: Timed out receiving message from renderer: 0.100
[1589724300.101][SEVERE]: Timed out receiving message from renderer: 0.100
[1589724300.207][SEVERE]: Timed out receiving message from renderer: 0.100
[1589724300.316][SEVERE]: Timed out receiving message from renderer: 0.100
[1589724300.421][SEVERE]: Timed out receiving message from renderer: 0.100
[1589724300.525][SEVERE]: Timed out receiving message from renderer: 0.100
[1589724300.629][SEVERE]: Timed out receiving message from renderer: 0.100
[1589724300.735][SEVERE]: Timed out receiving message from renderer: 0.100
[1589724300.841][SEVERE]: Timed out receiving message from renderer: 0.100
[1589724300.954][SEVERE]: Timed out receiving message from renderer: 0.100
[1589724301.058][SEVERE]: Timed out receiving message from renderer: 0.100
[1589724301.180][SEVERE]: Timed out receiving message from renderer: 0.100
[1589724301.304][SEVERE]: Timed out receiving message from renderer: 0.100
[1589724301.409][SEVERE]: Timed out receiving message from renderer: 0.100
[1589724301.519][SEVERE]: Timed out receiving message from renderer: 0.100
[1589724301.635][SEVERE]: Timed out receiving message from renderer: 0.100
[1589724301.790][SEVERE]: Timed out receiving message from renderer: 0.100
[1589724301.897][SEVERE]: Timed out receiving message from renderer: 0.100
[1589724302.006][SEVERE]: Timed out receiving message from renderer: 0.100
[1589724302.141][SEVERE]: Timed out receiving message from renderer: 0.100
[1589724302.249][SEVERE]: Timed out receiving message from renderer: 0.100
[1589724302.357][SEVERE]: Timed out receiving message from renderer: 0.100
[1589724302.470][SEVERE]: Timed out receiving message from renderer: 0.100
[1589724302.575][SEVERE]: Timed out receiving message from renderer: 0.100
[1589724302.844][SEVERE]: Timed out receiving message from renderer: 0.100
[1589724302.949][SEVERE]: Timed out receiving message from renderer: 0.100
[1589724303.053][SEVERE]: Timed out receiving message from renderer: 0.100
[1589724303.158][SEVERE]: Timed out receiving message from renderer: 0.100
[1589724303.270][SEVERE]: Timed out receiving message from renderer: 0.100
[1589724303.381][SEVERE]: Timed out receiving message from renderer: 0.100
[1589724303.488][SEVERE]: Timed out receiving message from renderer: 0.100
[1589724303.595][SEVERE]: Timed out receiving message from renderer: 0.100
[1589724303.710][SEVERE]: Timed out receiving message from renderer: 0.100
[1589724303.859][SEVERE]: Timed out receiving message from renderer: 0.100
[1589724303.962][SEVERE]: Timed out receiving message from renderer: 0.100
[1589724304.066][SEVERE]: Timed out receiving message from renderer: 0.100
[1589724304.170][SEVERE]: Timed out receiving message from renderer: 0.100
[1589724304.361][SEVERE]: Timed out receiving message from renderer: 0.100
[1589724304.472][SEVERE]: Timed out receiving message from renderer: 0.100
[1589724304.576][SEVERE]: Timed out receiving message from renderer: 0.100
[1589724304.680][SEVERE]: Timed out receiving message from renderer: 0.100
[1589724304.786][SEVERE]: Timed out receiving message from renderer: 0.100
[1589724304.918][SEVERE]: Timed out receiving message from renderer: 0.100
[1589724305.023][SEVERE]: Timed out receiving message from renderer: 0.100
[1589724305.134][SEVERE]: Timed out receiving message from renderer: 0.100
[1589724305.239][SEVERE]: Timed out receiving message from renderer: 0.100
[1589724305.345][SEVERE]: Timed out receiving message from renderer: 0.100
[1589724305.449][SEVERE]: Timed out receiving message from renderer: 0.100
[1589724305.558][SEVERE]: Timed out receiving message from renderer: 0.100
[1589724305.666][SEVERE]: Timed out receiving message from renderer: 0.100
[1589724305.776][SEVERE]: Timed out receiving message from renderer: 0.100
[1589724305.884][SEVERE]: Timed out receiving message from renderer: 0.100
[1589724305.991][SEVERE]: Timed out receiving message from renderer: 0.100
[1589724306.097][SEVERE]: Timed out receiving message from renderer: 0.100
[1589724306.202][SEVERE]: Timed out receiving message from renderer: 0.100
[1589724306.307][SEVERE]: Timed out receiving message from renderer: 0.100
[1589724306.415][SEVERE]: Timed out receiving message from renderer: 0.100
[1589724306.528][SEVERE]: Timed out receiving message from renderer: 0.100
[1589724306.639][SEVERE]: Timed out receiving message from renderer: 0.100
[1589724306.761][SEVERE]: Timed out receiving message from renderer: 0.100
[1589724306.870][SEVERE]: Timed out receiving message from renderer: 0.100
[1589724307.054][SEVERE]: Timed out receiving message from renderer: 0.100
[1589724307.194][SEVERE]: Timed out receiving message from renderer: 0.100
[1589724307.311][SEVERE]: Timed out receiving message from renderer: 0.100
[1589724307.418][SEVERE]: Timed out receiving message from renderer: 0.100
[1589724307.522][SEVERE]: Timed out receiving message from renderer: 0.100
[1589724307.628][SEVERE]: Timed out receiving message from renderer: 0.100
[1589724307.731][SEVERE]: Timed out receiving message from renderer: 0.100
[1589724307.837][SEVERE]: Timed out receiving message from renderer: 0.100
[1589724307.942][SEVERE]: Timed out receiving message from renderer: 0.100
[1589724308.045][SEVERE]: Timed out receiving message from renderer: 0.100
[1589724308.148][SEVERE]: Timed out receiving message from renderer: 0.100
[1589724308.255][SEVERE]: Timed out receiving message from renderer: 0.100
[1589724308.386][SEVERE]: Timed out receiving message from renderer: 0.100
[1589724308.496][SEVERE]: Timed out receiving message from renderer: 0.100
[1589724308.609][SEVERE]: Timed out receiving message from renderer: 0.100
[1589724308.719][SEVERE]: Timed out receiving message from renderer: 0.100
[1589724308.826][SEVERE]: Timed out receiving message from renderer: 0.100
[1589724308.957][SEVERE]: Timed out receiving message from renderer: 0.100
[1589724309.064][SEVERE]: Timed out receiving message from renderer: 0.100
[1589724309.172][SEVERE]: Timed out receiving message from renderer: 0.100
[1589724309.289][SEVERE]: Timed out receiving message from renderer: 0.100
[1589724309.405][SEVERE]: Timed out receiving message from renderer: 0.100
[1589724309.517][SEVERE]: Timed out receiving message from renderer: 0.100
[1589724309.637][SEVERE]: Timed out receiving message from renderer: 0.100
[1589724309.750][SEVERE]: Timed out receiving message from renderer: 0.100
[1589724309.915][SEVERE]: Timed out receiving message from renderer: 0.100
[1589724310.069][SEVERE]: Timed out receiving message from renderer: 0.100
[1589724310.180][SEVERE]: Timed out receiving message from renderer: 0.100
[1589724310.781][SEVERE]: Timed out receiving message from renderer: 0.100
[1589724310.897][SEVERE]: Timed out receiving message from renderer: 0.100
[1589724311.008][SEVERE]: Timed out receiving message from renderer: 0.100
[1589724313.540][SEVERE]: Timed out receiving message from renderer: 0.100
[1589724313.644][SEVERE]: Timed out receiving message from renderer: 0.100
[1589724313.749][SEVERE]: Timed out receiving message from renderer: 0.100
[1589724313.857][SEVERE]: Timed out receiving message from renderer: 0.100
]]></system-err>
  </testcase>
  <testcase name="verify not enter any detail and click on login" classname="Admin Login Action" time="14.559">
    <error message="unknown error: failed to change window state to maximized, current state is minimized&#10;  (Session info: chrome=81.0.4044.138)&#10;Build info: version: &apos;3.141.59&apos;, revision: &apos;e82be7d358&apos;, time: &apos;2018-11-14T08:17:03&apos;&#10;System info: host: &apos;RAVI-PC&apos;, ip: &apos;192.168.225.188&apos;, os.name: &apos;Windows 7&apos;, os.arch: &apos;amd64&apos;, os.version: &apos;6.1&apos;, java.version: &apos;1.8.0_221&apos;&#10;Driver info: org.openqa.selenium.chrome.ChromeDriver&#10;Capabilities {acceptInsecureCerts: false, browserName: chrome, browserVersion: 81.0.4044.138, chrome: {chromedriverVersion: 80.0.3987.106 (f68069574609..., userDataDir: C:\Windows\TEMP\scoped_dir1...}, goog:chromeOptions: {debuggerAddress: localhost:2987}, javascriptEnabled: true, networkConnectionEnabled: false, pageLoadStrategy: normal, platform: WINDOWS, platformName: WINDOWS, proxy: Proxy(), setWindowRect: true, strictFileInteractability: false, timeouts: {implicit: 0, pageLoad: 300000, script: 30000}, unhandledPromptBehavior: dismiss and notify}&#10;Session ID: 5cb4851f3e31904f56e77dadc0679117" type="org.openqa.selenium.WebDriverException"><![CDATA[org.openqa.selenium.WebDriverException: 
unknown error: failed to change window state to maximized, current state is minimized
  (Session info: chrome=81.0.4044.138)
Build info: version: '3.141.59', revision: 'e82be7d358', time: '2018-11-14T08:17:03'
System info: host: 'RAVI-PC', ip: '192.168.225.188', os.name: 'Windows 7', os.arch: 'amd64', os.version: '6.1', java.version: '1.8.0_221'
Driver info: org.openqa.selenium.chrome.ChromeDriver
Capabilities {acceptInsecureCerts: false, browserName: chrome, browserVersion: 81.0.4044.138, chrome: {chromedriverVersion: 80.0.3987.106 (f68069574609..., userDataDir: C:\Windows\TEMP\scoped_dir1...}, goog:chromeOptions: {debuggerAddress: localhost:2987}, javascriptEnabled: true, networkConnectionEnabled: false, pageLoadStrategy: normal, platform: WINDOWS, platformName: WINDOWS, proxy: Proxy(), setWindowRect: true, strictFileInteractability: false, timeouts: {implicit: 0, pageLoad: 300000, script: 30000}, unhandledPromptBehavior: dismiss and notify}
Session ID: 5cb4851f3e31904f56e77dadc0679117
]]></error>
    <system-out><![CDATA[
@login
Scenario: verify not enter any detail and click on login # features/Admin_login.feature:29
      org.openqa.selenium.WebDriverException: unknown error: failed to change window state to maximized, current state is minimized
  (Session info: chrome=81.0.4044.138)
Build info: version: '3.141.59', revision: 'e82be7d358', time: '2018-11-14T08:17:03'
System info: host: 'RAVI-PC', ip: '192.168.225.188', os.name: 'Windows 7', os.arch: 'amd64', os.version: '6.1', java.version: '1.8.0_221'
Driver info: org.openqa.selenium.chrome.ChromeDriver
Capabilities {acceptInsecureCerts: false, browserName: chrome, browserVersion: 81.0.4044.138, chrome: {chromedriverVersion: 80.0.3987.106 (f68069574609..., userDataDir: C:\Windows\TEMP\scoped_dir1...}, goog:chromeOptions: {debuggerAddress: localhost:2987}, javascriptEnabled: true, networkConnectionEnabled: false, pageLoadStrategy: normal, platform: WINDOWS, platformName: WINDOWS, proxy: Proxy(), setWindowRect: true, strictFileInteractability: false, timeouts: {implicit: 0, pageLoad: 300000, script: 30000}, unhandledPromptBehavior: dismiss and notify}
Session ID: 5cb4851f3e31904f56e77dadc0679117
	at sun.reflect.NativeConstructorAccessorImpl.newInstance0(Native Method)
	at sun.reflect.NativeConstructorAccessorImpl.newInstance(NativeConstructorAccessorImpl.java:62)
	at sun.reflect.DelegatingConstructorAccessorImpl.newInstance(DelegatingConstructorAccessorImpl.java:45)
	at java.lang.reflect.Constructor.newInstance(Constructor.java:423)
	at org.openqa.selenium.remote.http.W3CHttpResponseCodec.createException(W3CHttpResponseCodec.java:187)
	at org.openqa.selenium.remote.http.W3CHttpResponseCodec.decode(W3CHttpResponseCodec.java:122)
	at org.openqa.selenium.remote.http.W3CHttpResponseCodec.decode(W3CHttpResponseCodec.java:49)
	at org.openqa.selenium.remote.HttpCommandExecutor.execute(HttpCommandExecutor.java:158)
	at org.openqa.selenium.remote.service.DriverCommandExecutor.execute(DriverCommandExecutor.java:83)
	at org.openqa.selenium.remote.RemoteWebDriver.execute(RemoteWebDriver.java:552)
	at org.openqa.selenium.remote.RemoteWebDriver.execute(RemoteWebDriver.java:609)
	at org.openqa.selenium.remote.RemoteWebDriver$RemoteWebDriverOptions$RemoteWindow.maximize(RemoteWebDriver.java:837)
	at com.cms.stepDefination.StepDefination.before(StepDefination.java:40)

  Given Admin is on Login Page                           # com.cms.stepDefination.StepDefination.admin_is_on_Login_Page()
  And Admin enters "" and ""                             # com.cms.stepDefination.StepDefination.admin_enters_and(java.lang.String,java.lang.String)
  Then Admin redirected to login page                    # com.cms.stepDefination.StepDefination.admin_redirected_to_login_page()

    Embedding verify not enter any detail and click on login [image/png 4700 bytes]

]]></system-out>
    <system-err><![CDATA[Starting ChromeDriver 80.0.3987.106 (f68069574609230cf9b635cd784cfb1bf81bb53a-refs/branch-heads/3987@{#882}) on port 41102
Only local connections are allowed.
Please protect ports used by ChromeDriver and related test frameworks to prevent access by malicious code.
[1589724324.720][WARNING]: This version of ChromeDriver has not been tested with Chrome version 81.
May 17, 2020 7:35:25 PM org.openqa.selenium.remote.ProtocolHandshake createSession
INFO: Detected dialect: W3C
]]></system-err>
  </testcase>
  <testcase name="verify admin enter username and not enter password" classname="Admin Login Action" time="16.869"/>
  <testcase name="verify admin enter invalid username and enter password" classname="Admin Login Action" time="19.136"/>
  <testcase name="verify admin enter directly url and try to login" classname="Admin Login Action" time="17.868"/>
  <testcase name="verify admin login and click on logout and click on back button" classname="Admin Login Action" time="24.858"/>
  <testcase name="Verify Admin welcome message with his name" classname="Admin Login Action" time="28.769"/>
  <testcase name="Verify Admin welcome message with his name" classname="Admin Login Action" time="31.209">
    <failure message="expected:&lt;Wellcome [shubham]!&gt; but was:&lt;Wellcome []!&gt;" type="org.junit.ComparisonFailure"><![CDATA[org.junit.ComparisonFailure: expected:<Wellcome [shubham]!> but was:<Wellcome []!>
]]></failure>
    <system-out><![CDATA[
@login
Scenario Outline: Verify Admin welcome message with his name # features/Admin_login.feature:71
  Given Admin is on Login Page                               # com.cms.stepDefination.StepDefination.admin_is_on_Login_Page()
  And Admins enters Shubham and 12345678                     # com.cms.stepDefination.StepDefination.admins_enters_and(java.lang.String,java.lang.String)
  Then Admin redirected to dashboard page                    # com.cms.stepDefination.StepDefination.admin_redirected_to_dashboard_page()
Wellcome !
  Then check welcome message has same Wellcome shubham!      # com.cms.stepDefination.StepDefination.check_welcome_message_has_same(java.lang.String)
      org.junit.ComparisonFailure: expected:<Wellcome [shubham]!> but was:<Wellcome []!>
	at org.junit.Assert.assertEquals(Assert.java:115)
	at org.junit.Assert.assertEquals(Assert.java:144)
	at com.cms.stepDefination.StepDefination.check_welcome_message_has_same(StepDefination.java:99)
	at ?.check welcome message has same Wellcome shubham!(file:///C:/QA/cms2/features/Admin_login.feature:66)


    Embedding Verify Admin welcome message with his name [image/png 60876 bytes]

]]></system-out>
    <system-err><![CDATA[Starting ChromeDriver 80.0.3987.106 (f68069574609230cf9b635cd784cfb1bf81bb53a-refs/branch-heads/3987@{#882}) on port 39599
Only local connections are allowed.
Please protect ports used by ChromeDriver and related test frameworks to prevent access by malicious code.
[1589724445.964][WARNING]: This version of ChromeDriver has not been tested with Chrome version 81.
May 17, 2020 7:37:31 PM org.openqa.selenium.remote.ProtocolHandshake createSession
INFO: Detected dialect: W3C
[1589724457.870][SEVERE]: Timed out receiving message from renderer: 0.100
[1589724457.980][SEVERE]: Timed out receiving message from renderer: 0.100
[1589724458.085][SEVERE]: Timed out receiving message from renderer: 0.100
[1589724458.188][SEVERE]: Timed out receiving message from renderer: 0.100
[1589724458.306][SEVERE]: Timed out receiving message from renderer: 0.100
[1589724458.408][SEVERE]: Timed out receiving message from renderer: 0.100
[1589724458.514][SEVERE]: Timed out receiving message from renderer: 0.100
[1589724458.620][SEVERE]: Timed out receiving message from renderer: 0.100
[1589724458.727][SEVERE]: Timed out receiving message from renderer: 0.100
[1589724458.833][SEVERE]: Timed out receiving message from renderer: 0.100
[1589724458.936][SEVERE]: Timed out receiving message from renderer: 0.100
[1589724459.040][SEVERE]: Timed out receiving message from renderer: 0.100
[1589724459.144][SEVERE]: Timed out receiving message from renderer: 0.100
[1589724459.247][SEVERE]: Timed out receiving message from renderer: 0.100
[1589724459.358][SEVERE]: Timed out receiving message from renderer: 0.100
[1589724459.487][SEVERE]: Timed out receiving message from renderer: 0.100
[1589724459.597][SEVERE]: Timed out receiving message from renderer: 0.100
[1589724459.702][SEVERE]: Timed out receiving message from renderer: 0.100
[1589724459.807][SEVERE]: Timed out receiving message from renderer: 0.100
[1589724459.924][SEVERE]: Timed out receiving message from renderer: 0.100
[1589724460.042][SEVERE]: Timed out receiving message from renderer: 0.100
[1589724460.174][SEVERE]: Timed out receiving message from renderer: 0.100
[1589724460.282][SEVERE]: Timed out receiving message from renderer: 0.100
[1589724460.422][SEVERE]: Timed out receiving message from renderer: 0.100
[1589724460.822][SEVERE]: Timed out receiving message from renderer: 0.100
[1589724460.977][SEVERE]: Timed out receiving message from renderer: 0.100
[1589724461.125][SEVERE]: Timed out receiving message from renderer: 0.100
[1589724461.232][SEVERE]: Timed out receiving message from renderer: 0.100
[1589724461.336][SEVERE]: Timed out receiving message from renderer: 0.100
[1589724461.439][SEVERE]: Timed out receiving message from renderer: 0.100
[1589724461.550][SEVERE]: Timed out receiving message from renderer: 0.100
[1589724461.653][SEVERE]: Timed out receiving message from renderer: 0.100
[1589724461.756][SEVERE]: Timed out receiving message from renderer: 0.100
[1589724461.859][SEVERE]: Timed out receiving message from renderer: 0.100
[1589724461.965][SEVERE]: Timed out receiving message from renderer: 0.100
[1589724462.072][SEVERE]: Timed out receiving message from renderer: 0.100
[1589724462.216][SEVERE]: Timed out receiving message from renderer: 0.100
[1589724462.447][SEVERE]: Timed out receiving message from renderer: 0.100
[1589724462.563][SEVERE]: Timed out receiving message from renderer: 0.100
[1589724462.802][SEVERE]: Timed out receiving message from renderer: 0.100
[1589724463.188][SEVERE]: Timed out receiving message from renderer: 0.100
[1589724463.329][SEVERE]: Timed out receiving message from renderer: 0.100
[1589724463.462][SEVERE]: Timed out receiving message from renderer: 0.100
[1589724463.574][SEVERE]: Timed out receiving message from renderer: 0.100
[1589724463.680][SEVERE]: Timed out receiving message from renderer: 0.100
[1589724463.784][SEVERE]: Timed out receiving message from renderer: 0.100
[1589724463.919][SEVERE]: Timed out receiving message from renderer: 0.100
[1589724465.052][SEVERE]: Timed out receiving message from renderer: 0.100
[1589724465.264][SEVERE]: Timed out receiving message from renderer: 0.100
[1589724465.367][SEVERE]: Timed out receiving message from renderer: 0.100
[1589724465.472][SEVERE]: Timed out receiving message from renderer: 0.100
]]></system-err>
  </testcase>
  <testcase name="Verify Admin welcome message with his name" classname="Admin Login Action" time="26.273"/>
  <testcase name="verify logout fuctionality" classname="Admin Logout Action" time="32.811"/>
</testsuite>