<?xml version="1.0" encoding="UTF-8"?>
<testsuite xmlns:xsi="http://www.w3.org/2001/XMLSchema-instance" xsi:noNamespaceSchemaLocation="https://maven.apache.org/surefire/maven-surefire-plugin/xsd/surefire-test-report-3.0.xsd" version="3.0" name="Admin Logout Action" time="217.543" tests="14" errors="0" skipped="0" failures="3">
  <properties>
[...]
</properties>
  <testcase name="verify total post on dashnoard" classname="Dashboaed feature" time="29.712"/>
  <testcase name="Successful Login with Valid Credentials" classname="Admin Login Action" time="12.696"/>
  <testcase name="Unsuccessful Login with Invalid Credentials" classname="Admin Login Action" time="10.651"/>
  <testcase name="Unsuccessful Login with Invalid Credentials" classname="Admin Login Action" time="19.522">
    <failure message="expected:&lt;...ttp://localhost/CMS/[Login].php&gt; but was:&lt;...ttp://localhost/CMS/[Dashboard].php&gt;" type="org.junit.ComparisonFailure"><![CDATA[org.junit.ComparisonFailure: expected:<...ttp://localhost/CMS/[Login].php> but was:<...ttp://localhost/CMS/[Dashboard].php>
]]></failure>
    <system-out><![CDATA[
@login
Scenario: Unsuccessful Login with Invalid Credentials # features/Admin_login.feature:17
  Given Admin is on Login Page                        # com.cms.stepDefination.SteopDennation.admin_is_on_Login_Page()
  And Admin enters "jazeb" and "1234"                 # com.cms.stepDefination.SteopDennation.admin_enters_and(java.lang.String,java.lang.String)
  Then Admin redirected to login page                 # com.cms.stepDefination.SteopDennation.admin_redirected_to_login_page()
      org.junit.ComparisonFailure: expected:<...ttp://localhost/CMS/[Login].php> but was:<...ttp://localhost/CMS/[Dashboard].php>
	at org.junit.Assert.assertEquals(Assert.java:115)
	at org.junit.Assert.assertEquals(Assert.java:144)
	at com.cms.stepDefination.SteopDennation.admin_redirected_to_login_page(SteopDennation.java:66)
	at ?.Admin redirected to login page(file:///C:/QA/cms2/features/Admin_login.feature:20)


    Embedding Unsuccessful Login with Invalid Credentials [image/png 60287 bytes]

]]></system-out>
    <system-err><![CDATA[Starting ChromeDriver 80.0.3987.106 (f68069574609230cf9b635cd784cfb1bf81bb53a-refs/branch-heads/3987@{#882}) on port 38627
Only local connections are allowed.
Please protect ports used by ChromeDriver and related test frameworks to prevent access by malicious code.
Mar 17, 2020 8:46:01 AM org.openqa.selenium.remote.ProtocolHandshake createSession
INFO: Detected dialect: W3C
[1584414965.261][SEVERE]: Timed out receiving message from renderer: 0.100
[1584414965.366][SEVERE]: Timed out receiving message from renderer: 0.100
[1584414965.469][SEVERE]: Timed out receiving message from renderer: 0.100
[1584414965.572][SEVERE]: Timed out receiving message from renderer: 0.100
[1584414965.684][SEVERE]: Timed out receiving message from renderer: 0.100
[1584414965.787][SEVERE]: Timed out receiving message from renderer: 0.100
[1584414965.894][SEVERE]: Timed out receiving message from renderer: 0.100
[1584414966.085][SEVERE]: Timed out receiving message from renderer: 0.100
[1584414966.252][SEVERE]: Timed out receiving message from renderer: 0.100
[1584414966.602][SEVERE]: Timed out receiving message from renderer: 0.100
[1584414966.708][SEVERE]: Timed out receiving message from renderer: 0.100
[1584414966.823][SEVERE]: Timed out receiving message from renderer: 0.100
[1584414966.956][SEVERE]: Timed out receiving message from renderer: 0.100
[1584414967.143][SEVERE]: Timed out receiving message from renderer: 0.100
[1584414968.488][SEVERE]: Timed out receiving message from renderer: 0.100
[1584414968.807][SEVERE]: Timed out receiving message from renderer: 0.100
[1584414968.910][SEVERE]: Timed out receiving message from renderer: 0.100
[1584414969.013][SEVERE]: Timed out receiving message from renderer: 0.100
[1584414969.117][SEVERE]: Timed out receiving message from renderer: 0.100
]]></system-err>
  </testcase>
  <testcase name="verify trim is working in username" classname="Admin Login Action" time="11.918">
    <failure message="expected:&lt;...ttp://localhost/CMS/[Dashboard].php&gt; but was:&lt;...ttp://localhost/CMS/[Login].php&gt;" type="org.junit.ComparisonFailure"><![CDATA[org.junit.ComparisonFailure: expected:<...ttp://localhost/CMS/[Dashboard].php> but was:<...ttp://localhost/CMS/[Login].php>
]]></failure>
    <system-out><![CDATA[
@login
Scenario: verify trim is working in username                                  # features/Admin_login.feature:23
  Given Admin is on Login Page                                                # com.cms.stepDefination.SteopDennation.admin_is_on_Login_Page()
  And Admin enters "                       ravi              " and "12345678" # com.cms.stepDefination.SteopDennation.admin_enters_and(java.lang.String,java.lang.String)
  Then Admin redirected to dashboard page                                     # com.cms.stepDefination.SteopDennation.admin_redirected_to_dashboard_page()
      org.junit.ComparisonFailure: expected:<...ttp://localhost/CMS/[Dashboard].php> but was:<...ttp://localhost/CMS/[Login].php>
	at org.junit.Assert.assertEquals(Assert.java:115)
	at org.junit.Assert.assertEquals(Assert.java:144)
	at com.cms.stepDefination.SteopDennation.admin_redirected_to_dashboard_page(SteopDennation.java:59)
	at ?.Admin redirected to dashboard page(file:///C:/QA/cms2/features/Admin_login.feature:26)


    Embedding verify trim is working in username [image/png 18012 bytes]

]]></system-out>
    <system-err><![CDATA[Starting ChromeDriver 80.0.3987.106 (f68069574609230cf9b635cd784cfb1bf81bb53a-refs/branch-heads/3987@{#882}) on port 24607
Only local connections are allowed.
Please protect ports used by ChromeDriver and related test frameworks to prevent access by malicious code.
Mar 17, 2020 8:46:20 AM org.openqa.selenium.remote.ProtocolHandshake createSession
INFO: Detected dialect: W3C
[1584414981.961][SEVERE]: Timed out receiving message from renderer: 0.100
[1584414982.065][SEVERE]: Timed out receiving message from renderer: 0.100
[1584414982.171][SEVERE]: Timed out receiving message from renderer: 0.100
[1584414982.275][SEVERE]: Timed out receiving message from renderer: 0.100
[1584414982.379][SEVERE]: Timed out receiving message from renderer: 0.100
[1584414982.484][SEVERE]: Timed out receiving message from renderer: 0.100
[1584414982.590][SEVERE]: Timed out receiving message from renderer: 0.100
[1584414982.700][SEVERE]: Timed out receiving message from renderer: 0.100
[1584414982.825][SEVERE]: Timed out receiving message from renderer: 0.100
[1584414982.929][SEVERE]: Timed out receiving message from renderer: 0.100
[1584414983.273][SEVERE]: Timed out receiving message from renderer: 0.100
[1584414983.508][SEVERE]: Timed out receiving message from renderer: 0.100
[1584414983.612][SEVERE]: Timed out receiving message from renderer: 0.100
]]></system-err>
  </testcase>
  <testcase name="verify not enter any detail and click on login" classname="Admin Login Action" time="14.894"/>
  <testcase name="verify admin enter username and not enter password" classname="Admin Login Action" time="14.52"/>
  <testcase name="verify admin enter invalid username and enter password" classname="Admin Login Action" time="16.275"/>
  <testcase name="verify admin enter directly url and try to login" classname="Admin Login Action" time="11.791"/>
  <testcase name="verify admin login and click on logout and click on back button" classname="Admin Login Action" time="12.007"/>
  <testcase name="Verify Admin welcome message with his name" classname="Admin Login Action" time="13.59"/>
  <testcase name="Verify Admin welcome message with his name" classname="Admin Login Action" time="15.015">
    <failure message="expected:&lt;Wellcome [shubham]!&gt; but was:&lt;Wellcome []!&gt;" type="org.junit.ComparisonFailure"><![CDATA[org.junit.ComparisonFailure: expected:<Wellcome [shubham]!> but was:<Wellcome []!>
]]></failure>
    <system-out><![CDATA[
@login
Scenario Outline: Verify Admin welcome message with his name # features/Admin_login.feature:71
  Given Admin is on Login Page                               # com.cms.stepDefination.SteopDennation.admin_is_on_Login_Page()
  And Admins enters Shubham and 12345678                     # com.cms.stepDefination.SteopDennation.admins_enters_and(java.lang.String,java.lang.String)
  Then Admin redirected to dashboard page                    # com.cms.stepDefination.SteopDennation.admin_redirected_to_dashboard_page()
Wellcome !
  Then check welcome message has same Wellcome shubham!      # com.cms.stepDefination.SteopDennation.check_welcome_message_has_same(java.lang.String)
      org.junit.ComparisonFailure: expected:<Wellcome [shubham]!> but was:<Wellcome []!>
	at org.junit.Assert.assertEquals(Assert.java:115)
	at org.junit.Assert.assertEquals(Assert.java:144)
	at com.cms.stepDefination.SteopDennation.check_welcome_message_has_same(SteopDennation.java:96)
	at ?.check welcome message has same Wellcome shubham!(file:///C:/QA/cms2/features/Admin_login.feature:66)


    Embedding Verify Admin welcome message with his name [image/png 59854 bytes]

]]></system-out>
    <system-err><![CDATA[Starting ChromeDriver 80.0.3987.106 (f68069574609230cf9b635cd784cfb1bf81bb53a-refs/branch-heads/3987@{#882}) on port 13312
Only local connections are allowed.
Please protect ports used by ChromeDriver and related test frameworks to prevent access by malicious code.
Mar 17, 2020 8:47:59 AM org.openqa.selenium.remote.ProtocolHandshake createSession
INFO: Detected dialect: W3C
[1584415080.695][SEVERE]: Timed out receiving message from renderer: 0.100
[1584415080.799][SEVERE]: Timed out receiving message from renderer: 0.100
[1584415080.902][SEVERE]: Timed out receiving message from renderer: 0.100
[1584415081.005][SEVERE]: Timed out receiving message from renderer: 0.100
[1584415081.117][SEVERE]: Timed out receiving message from renderer: 0.100
[1584415081.227][SEVERE]: Timed out receiving message from renderer: 0.100
[1584415081.334][SEVERE]: Timed out receiving message from renderer: 0.100
[1584415081.688][SEVERE]: Timed out receiving message from renderer: 0.100
[1584415081.812][SEVERE]: Timed out receiving message from renderer: 0.100
[1584415081.958][SEVERE]: Timed out receiving message from renderer: 0.100
[1584415082.071][SEVERE]: Timed out receiving message from renderer: 0.100
[1584415083.362][SEVERE]: Timed out receiving message from renderer: 0.100
[1584415083.650][SEVERE]: Timed out receiving message from renderer: 0.100
[1584415083.752][SEVERE]: Timed out receiving message from renderer: 0.100
[1584415083.855][SEVERE]: Timed out receiving message from renderer: 0.100
[1584415083.962][SEVERE]: Timed out receiving message from renderer: 0.100
]]></system-err>
  </testcase>
  <testcase name="Verify Admin welcome message with his name" classname="Admin Login Action" time="14.138"/>
  <testcase name="verify logout fuctionality" classname="Admin Logout Action" time="18.309"/>
</testsuite>