<?xml version="1.0" encoding="UTF-8" standalone="no"?>
<testsuite errors="0" failures="3" name="io.cucumber.core.plugin.JUnitFormatter" skipped="0" tests="12" time="141.64">
<testcase classname="Admin Login Action" name="Successful Login with Valid Credentials" time="12.884">
<system-out><![CDATA[Given Admin is on Login Page................................................passed
And Admin enters "Ravi" and "12345678"......................................passed
Then Admin redirected to dashboard page.....................................passed
]]></system-out>
</testcase>
<testcase classname="Admin Login Action" name="Unsuccessful Login with Invalid Credentials" time="8.677">
<system-out><![CDATA[Given Admin is on Login Page................................................passed
And Admin enters "Ravi" and "12345".........................................passed
Then Admin redirected to login page.........................................passed
]]></system-out>
</testcase>
<testcase classname="Admin Login Action" name="Unsuccessful Login with Invalid Credentials 2" time="11.285">
<failure message="expected:&lt;...localhost/CMS/admin/[index].php&gt; but was:&lt;...localhost/CMS/admin/[Dashboard].php&gt;" type="org.junit.ComparisonFailure"><![CDATA[Given Admin is on Login Page................................................passed
And Admin enters "Ravi" and "12345678"......................................passed
Then Admin redirected to login page.........................................failed

StackTrace:
org.junit.ComparisonFailure: expected:<...localhost/CMS/admin/[index].php> but was:<...localhost/CMS/admin/[Dashboard].php>
	at org.junit.Assert.assertEquals(Assert.java:115)
	at org.junit.Assert.assertEquals(Assert.java:144)
	at com.cms.stepDefination.StepDefination.admin_redirected_to_login_page(StepDefination.java:71)
	at ✽.Admin redirected to login page(file:///C:/QA/cms2/features/Admin_login.feature:20)
]]></failure>
</testcase>
<testcase classname="Admin Login Action" name="verify trim is working in username" time="11.585">
<failure message="expected:&lt;...localhost/CMS/admin/[Dashboard].php&gt; but was:&lt;...localhost/CMS/admin/[index].php&gt;" type="org.junit.ComparisonFailure"><![CDATA[Given Admin is on Login Page................................................passed
And Admin enters "                       ravi              " and "12345678".passed
Then Admin redirected to dashboard page.....................................failed

StackTrace:
org.junit.ComparisonFailure: expected:<...localhost/CMS/admin/[Dashboard].php> but was:<...localhost/CMS/admin/[index].php>
	at org.junit.Assert.assertEquals(Assert.java:115)
	at org.junit.Assert.assertEquals(Assert.java:144)
	at com.cms.stepDefination.StepDefination.admin_redirected_to_dashboard_page(StepDefination.java:64)
	at ✽.Admin redirected to dashboard page(file:///C:/QA/cms2/features/Admin_login.feature:26)
]]></failure>
</testcase>
<testcase classname="Admin Login Action" name="verify not enter any detail and click on login" time="11.885">
<system-out><![CDATA[Given Admin is on Login Page................................................passed
And Admin enters "" and ""..................................................passed
Then Admin redirected to login page.........................................passed
]]></system-out>
</testcase>
<testcase classname="Admin Login Action" name="verify admin enter username and not enter password" time="8.725">
<system-out><![CDATA[Given Admin is on Login Page................................................passed
And Admin enters "ravi" and ""..............................................passed
Then Admin redirected to login page.........................................passed
]]></system-out>
</testcase>
<testcase classname="Admin Login Action" name="verify admin enter invalid username and enter password" time="13.891">
<system-out><![CDATA[Given Admin is on Login Page................................................passed
And Admin enters "rav" and "123456789"......................................passed
Then Admin redirected to login page.........................................passed
]]></system-out>
</testcase>
<testcase classname="Admin Login Action" name="verify admin enter directly url and try to login" time="17.193">
<system-out><![CDATA[Given Admin is on Login Page................................................passed
And admin enter url "http://localhost/CMS/admin/Dashboard.php"..............passed
Then Admin redirected to login page.........................................passed
]]></system-out>
</testcase>
<testcase classname="Admin Login Action" name="verify admin login and click on logout and click on back button" time="10.115">
<system-out><![CDATA[Given Admin is on Login Page................................................passed
And Admin enters "Ravi" and "12345678"......................................passed
Then Admin redirected to dashboard page.....................................passed
And Admin click on logout...................................................passed
And Admin press back button.................................................passed
Then Admin redirected to login page.........................................passed
]]></system-out>
</testcase>
<testcase classname="Admin Login Action" name="Verify Admin welcome message with his name" time="9.907">
<system-out><![CDATA[Given Admin is on Login Page................................................passed
And Admins enters Ravi and 12345678.........................................passed
Then Admin redirected to dashboard page.....................................passed
Then check welcome message has same Wellcome Ravi!..........................passed
]]></system-out>
</testcase>
<testcase classname="Admin Login Action" name="Verify Admin welcome message with his name 2" time="11.758">
<failure message="expected:&lt;...localhost/CMS/admin/[Dashboard].php&gt; but was:&lt;...localhost/CMS/admin/[index].php&gt;" type="org.junit.ComparisonFailure"><![CDATA[Given Admin is on Login Page................................................passed
And Admins enters Shubham and 12345678......................................passed
Then Admin redirected to dashboard page.....................................failed
Then check welcome message has same Wellcome shubham!.......................skipped

StackTrace:
org.junit.ComparisonFailure: expected:<...localhost/CMS/admin/[Dashboard].php> but was:<...localhost/CMS/admin/[index].php>
	at org.junit.Assert.assertEquals(Assert.java:115)
	at org.junit.Assert.assertEquals(Assert.java:144)
	at com.cms.stepDefination.StepDefination.admin_redirected_to_dashboard_page(StepDefination.java:64)
	at ✽.Admin redirected to dashboard page(file:///C:/QA/cms2/features/Admin_login.feature:65)
]]></failure>
</testcase>
<testcase classname="Admin Login Action" name="Verify Admin welcome message with his name 3" time="12.763">
<system-out><![CDATA[Given Admin is on Login Page................................................passed
And Admins enters Ravi and 12345678.........................................passed
Then Admin redirected to dashboard page.....................................passed
Then check welcome message has same Wellcome Ravi!..........................passed
]]></system-out>
</testcase>
</testsuite>
